=/pretest.json
{
  _: [],
  f: [
    '/home/runner/work/exp-wide-sense-stationary-iitd/exp-wide-sense-stationary-iitd/experiment/pretest.json'
  ],
  files: [
    '/home/runner/work/exp-wide-sense-stationary-iitd/exp-wide-sense-stationary-iitd/experiment/pretest.json'
  ],
  c: 'assessment',
  contentTypes: 'assessment',
  'content-types': 'assessment',
  '$0': 'validate'
}
Validated true
=/posttest.json
{
  _: [],
  f: [
    '/home/runner/work/exp-wide-sense-stationary-iitd/exp-wide-sense-stationary-iitd/experiment/posttest.json'
  ],
  files: [
    '/home/runner/work/exp-wide-sense-stationary-iitd/exp-wide-sense-stationary-iitd/experiment/posttest.json'
  ],
  c: 'assessment',
  contentTypes: 'assessment',
  'content-types': 'assessment',
  '$0': 'validate'
}
/questions/0/difficulty: Difficulty can only be: beginner, intermediate or advanced

/questions/1/difficulty: Difficulty can only be: beginner, intermediate or advanced

/questions/2/difficulty: Difficulty can only be: beginner, intermediate or advanced

/questions/3/difficulty: Difficulty can only be: beginner, intermediate or advanced

/questions/4/difficulty: Difficulty can only be: beginner, intermediate or advanced

/questions/5/difficulty: Difficulty can only be: beginner, intermediate or advanced

/questions/6/difficulty: Difficulty can only be: beginner, intermediate or advanced

/questions/7/difficulty: Difficulty can only be: beginner, intermediate or advanced

/questions/8/difficulty: Difficulty can only be: beginner, intermediate or advanced

/questions/9/difficulty: Difficulty can only be: beginner, intermediate or advanced

Json Error: must match "then" schema
Json Error: must match "then" schema
Failed while validating /home/runner/work/exp-wide-sense-stationary-iitd/exp-wide-sense-stationary-iitd/experiment/posttest.json
Error: Schema is Invalid
